<?xml version="1.0" encoding="UTF-8"?>
<!-- Generated by org.testng.reporters.JUnitXMLReporter -->
<testsuite ignored="3" hostname="DESKTOP-IVP925K" failures="0" tests="1" name="Default test" time="8.607" errors="0" timestamp="2023-01-23T21:59:29 IST">
  <testcase classname="test.LinkValidations" name="availableFooterLinks" time="0.048"/>
  <testcase classname="test.LinkValidations" name="closeWindow" time="0.0">
    <ignored/>
  </testcase> <!-- closeWindow -->
  <testcase classname="test.LinkValidations" name="availableLinks" time="0.0">
    <ignored/>
  </testcase> <!-- availableLinks -->
  <testcase classname="test.LinkValidations" name="firstColumnLinksInFooter" time="0.0">
    <ignored/>
  </testcase> <!-- firstColumnLinksInFooter -->
</testsuite> <!-- Default test -->
