<?xml version="1.0" encoding="UTF-8"?>
<testng-results ignored="0" total="2" passed="2" failed="0" skipped="0">
  <reporter-output>
  </reporter-output>
  <suite started-at="2023-01-22T21:22:29 IST" name="Default suite" finished-at="2023-01-22T21:24:00 IST" duration-ms="90320">
    <groups>
    </groups>
    <test started-at="2023-01-22T21:22:29 IST" name="Default test" finished-at="2023-01-22T21:24:00 IST" duration-ms="90320">
      <class name="test.sortbyFare">
        <test-method is-config="true" signature="initialization()[pri:0, instance:test.sortbyFare@506ae4d4]" started-at="2023-01-22T21:22:29 IST" name="initialization" finished-at="2023-01-22T21:22:58 IST" duration-ms="28908" status="PASS">
          <reporter-output>
          </reporter-output>
        </test-method> <!-- initialization -->
        <test-method signature="fromCity()[pri:1, instance:test.sortbyFare@506ae4d4]" started-at="2023-01-22T21:22:59 IST" name="fromCity" finished-at="2023-01-22T21:23:53 IST" duration-ms="54237" status="PASS">
          <reporter-output>
          </reporter-output>
        </test-method> <!-- fromCity -->
        <test-method signature="availableBus()[pri:2, instance:test.sortbyFare@506ae4d4]" started-at="2023-01-22T21:23:53 IST" name="availableBus" finished-at="2023-01-22T21:23:59 IST" duration-ms="6522" status="PASS">
          <reporter-output>
          </reporter-output>
        </test-method> <!-- availableBus -->
      </class> <!-- test.sortbyFare -->
    </test> <!-- Default test -->
  </suite> <!-- Default suite -->
</testng-results>
