<?xml version="1.0" encoding="UTF-8"?>
<!-- Generated by org.testng.reporters.JUnitXMLReporter -->
<testsuite ignored="0" hostname="ZPPS-VIDHATE-WASTI" failures="0" tests="4" name="Test3" time="54.309" errors="0" timestamp="2023-01-23T21:23:23 IST">
  <testcase classname="test.sortbyFare" name="searchBusFunctionality" time="31.542"/>
  <testcase classname="test.sortbyFare" name="sortByFareType" time="2.767"/>
  <testcase classname="test.sortbyFare" name="farebutton" time="5.131"/>
  <testcase classname="test.sortbyFare" name="quitBrowser" time="1.092"/>
</testsuite> <!-- Test3 -->
