<?xml version="1.0" encoding="UTF-8"?>
<!-- Generated by org.testng.reporters.JUnitXMLReporter -->
<testsuite ignored="0" hostname="DESKTOP-IVP925K" failures="0" tests="3" name="TestLinks" time="164.282" errors="0" timestamp="2023-01-23T22:35:50 IST">
  <testcase classname="test.SearchBus" name="fromDropdown" time="9.148"/>
  <testcase classname="test.SearchBus" name="findBuses" time="125.251"/>
  <testcase classname="test.SearchBus" name="closeWindow" time="0.258"/>
</testsuite> <!-- TestLinks -->
