<?xml version="1.0" encoding="UTF-8"?>
<!-- Generated by org.testng.reporters.JUnitXMLReporter -->
<testsuite ignored="0" hostname="DESKTOP-IVP925K" failures="0" tests="4" name="TestSearch" time="124.547" errors="0" timestamp="2023-01-23T22:37:55 IST">
  <testcase classname="test.LinkValidations" name="availableLinks" time="0.025"/>
  <testcase classname="test.LinkValidations" name="availableFooterLinks" time="0.029"/>
  <testcase classname="test.LinkValidations" name="firstColumnLinksInFooter" time="31.496"/>
  <testcase classname="test.LinkValidations" name="closeWindow" time="0.307"/>
</testsuite> <!-- TestSearch -->
