<?xml version="1.0" encoding="UTF-8"?>
<!-- Generated by org.testng.reporters.JUnitXMLReporter -->
<testsuite ignored="0" hostname="DESKTOP-IVP925K" failures="0" tests="4" name="TestFilterBy" time="48.723" errors="0" timestamp="2023-01-23T22:40:03 IST">
  <testcase classname="test.FilterByTest" name="fromDropdown" time="8.709"/>
  <testcase classname="test.FilterByTest" name="findBuses" time="5.073"/>
  <testcase classname="test.FilterByTest" name="filterByNonACType" time="15.192"/>
  <testcase classname="test.FilterByTest" name="closeWindow" time="0.233"/>
</testsuite> <!-- TestFilterBy -->
