<?xml version="1.0" encoding="UTF-8"?>
<testng-results ignored="0" total="14" passed="14" failed="0" skipped="0">
  <reporter-output>
  </reporter-output>
  <suite started-at="2023-01-23T22:33:06 IST" name="Suite" finished-at="2023-01-23T22:40:03 IST" duration-ms="416782">
    <groups>
      <group name="Sanity">
        <method signature="SearchBus.closeWindow()[pri:3, instance:test.SearchBus@23c30a20]" name="closeWindow" class="test.SearchBus"/>
        <method signature="SearchBus.findBuses()[pri:2, instance:test.SearchBus@23c30a20]" name="findBuses" class="test.SearchBus"/>
        <method signature="SearchBus.fromDropdown()[pri:1, instance:test.SearchBus@23c30a20]" name="fromDropdown" class="test.SearchBus"/>
        <method signature="LinkValidations.availableFooterLinks()[pri:2, instance:test.LinkValidations@f09733f]" name="availableFooterLinks" class="test.LinkValidations"/>
        <method signature="LinkValidations.availableLinks()[pri:1, instance:test.LinkValidations@f09733f]" name="availableLinks" class="test.LinkValidations"/>
        <method signature="LinkValidations.closeWindow()[pri:4, instance:test.LinkValidations@f09733f]" name="closeWindow" class="test.LinkValidations"/>
        <method signature="LinkValidations.firstColumnLinksInFooter()[pri:3, instance:test.LinkValidations@f09733f]" name="firstColumnLinksInFooter" class="test.LinkValidations"/>
      </group> <!-- Sanity -->
      <group name="Regression">
        <method signature="SearchBus.closeWindow()[pri:3, instance:test.SearchBus@23c30a20]" name="closeWindow" class="test.SearchBus"/>
        <method signature="SearchBus.findBuses()[pri:2, instance:test.SearchBus@23c30a20]" name="findBuses" class="test.SearchBus"/>
        <method signature="SearchBus.fromDropdown()[pri:1, instance:test.SearchBus@23c30a20]" name="fromDropdown" class="test.SearchBus"/>
      </group> <!-- Regression -->
    </groups>
    <test started-at="2023-01-23T22:33:06 IST" name="TestLinks" finished-at="2023-01-23T22:35:50 IST" duration-ms="164282">
      <class name="test.SearchBus">
        <test-method is-config="true" signature="setupTest()[pri:0, instance:test.SearchBus@23c30a20]" started-at="2023-01-23T22:33:06 IST" name="setupTest" finished-at="2023-01-23T22:33:35 IST" duration-ms="29589" status="PASS">
          <reporter-output>
          </reporter-output>
        </test-method> <!-- setupTest -->
        <test-method signature="fromDropdown()[pri:1, instance:test.SearchBus@23c30a20]" started-at="2023-01-23T22:33:35 IST" name="fromDropdown" finished-at="2023-01-23T22:33:45 IST" duration-ms="9148" status="PASS">
          <reporter-output>
          </reporter-output>
        </test-method> <!-- fromDropdown -->
        <test-method signature="findBuses()[pri:2, instance:test.SearchBus@23c30a20]" started-at="2023-01-23T22:33:45 IST" name="findBuses" finished-at="2023-01-23T22:35:50 IST" duration-ms="125251" status="PASS">
          <reporter-output>
          </reporter-output>
        </test-method> <!-- findBuses -->
        <test-method signature="closeWindow()[pri:3, instance:test.SearchBus@23c30a20]" started-at="2023-01-23T22:35:50 IST" name="closeWindow" finished-at="2023-01-23T22:35:50 IST" duration-ms="258" status="PASS">
          <reporter-output>
          </reporter-output>
        </test-method> <!-- closeWindow -->
      </class> <!-- test.SearchBus -->
    </test> <!-- TestLinks -->
    <test started-at="2023-01-23T22:35:50 IST" name="TestSearch" finished-at="2023-01-23T22:37:55 IST" duration-ms="124547">
      <class name="test.LinkValidations">
        <test-method is-config="true" signature="setupTest()[pri:0, instance:test.LinkValidations@f09733f]" started-at="2023-01-23T22:35:50 IST" name="setupTest" finished-at="2023-01-23T22:37:23 IST" duration-ms="92684" status="PASS">
          <reporter-output>
          </reporter-output>
        </test-method> <!-- setupTest -->
        <test-method signature="availableLinks()[pri:1, instance:test.LinkValidations@f09733f]" started-at="2023-01-23T22:37:23 IST" name="availableLinks" finished-at="2023-01-23T22:37:23 IST" duration-ms="25" status="PASS">
          <reporter-output>
          </reporter-output>
        </test-method> <!-- availableLinks -->
        <test-method signature="availableFooterLinks()[pri:2, instance:test.LinkValidations@f09733f]" started-at="2023-01-23T22:37:23 IST" name="availableFooterLinks" finished-at="2023-01-23T22:37:23 IST" duration-ms="29" status="PASS">
          <reporter-output>
          </reporter-output>
        </test-method> <!-- availableFooterLinks -->
        <test-method signature="firstColumnLinksInFooter()[pri:3, instance:test.LinkValidations@f09733f]" started-at="2023-01-23T22:37:23 IST" name="firstColumnLinksInFooter" finished-at="2023-01-23T22:37:54 IST" duration-ms="31496" status="PASS">
          <reporter-output>
          </reporter-output>
        </test-method> <!-- firstColumnLinksInFooter -->
        <test-method signature="closeWindow()[pri:4, instance:test.LinkValidations@f09733f]" started-at="2023-01-23T22:37:54 IST" name="closeWindow" finished-at="2023-01-23T22:37:55 IST" duration-ms="307" status="PASS">
          <reporter-output>
          </reporter-output>
        </test-method> <!-- closeWindow -->
      </class> <!-- test.LinkValidations -->
    </test> <!-- TestSearch -->
    <test started-at="2023-01-23T22:37:55 IST" name="TestSortBy" finished-at="2023-01-23T22:39:14 IST" duration-ms="79190">
      <class name="test.SortBy">
        <test-method is-config="true" signature="setupTest()[pri:0, instance:test.SortBy@6c1a5b54]" started-at="2023-01-23T22:37:55 IST" name="setupTest" finished-at="2023-01-23T22:38:00 IST" duration-ms="4905" status="PASS">
          <reporter-output>
          </reporter-output>
        </test-method> <!-- setupTest -->
        <test-method signature="FirstPage()[pri:-1, instance:test.SortBy@6c1a5b54]" started-at="2023-01-23T22:38:00 IST" name="FirstPage" finished-at="2023-01-23T22:38:53 IST" duration-ms="53482" status="PASS">
          <reporter-output>
          </reporter-output>
        </test-method> <!-- FirstPage -->
        <test-method signature="SortFare()[pri:2, instance:test.SortBy@6c1a5b54]" started-at="2023-01-23T22:38:53 IST" name="SortFare" finished-at="2023-01-23T22:39:14 IST" duration-ms="20496" status="PASS">
          <reporter-output>
          </reporter-output>
        </test-method> <!-- SortFare -->
        <test-method signature="closeWindow()[pri:3, instance:test.SortBy@6c1a5b54]" started-at="2023-01-23T22:39:14 IST" name="closeWindow" finished-at="2023-01-23T22:39:14 IST" duration-ms="302" status="PASS">
          <reporter-output>
          </reporter-output>
        </test-method> <!-- closeWindow -->
      </class> <!-- test.SortBy -->
    </test> <!-- TestSortBy -->
    <test started-at="2023-01-23T22:39:14 IST" name="TestFilterBy" finished-at="2023-01-23T22:40:03 IST" duration-ms="48723">
      <class name="test.FilterByTest">
        <test-method is-config="true" signature="setupTest()[pri:0, instance:test.FilterByTest@4e5ed836]" started-at="2023-01-23T22:39:14 IST" name="setupTest" finished-at="2023-01-23T22:39:33 IST" duration-ms="19509" status="PASS">
          <reporter-output>
          </reporter-output>
        </test-method> <!-- setupTest -->
        <test-method signature="fromDropdown()[pri:1, instance:test.FilterByTest@4e5ed836]" started-at="2023-01-23T22:39:33 IST" name="fromDropdown" finished-at="2023-01-23T22:39:42 IST" duration-ms="8709" status="PASS">
          <reporter-output>
          </reporter-output>
        </test-method> <!-- fromDropdown -->
        <test-method signature="findBuses()[pri:2, instance:test.FilterByTest@4e5ed836]" started-at="2023-01-23T22:39:42 IST" name="findBuses" finished-at="2023-01-23T22:39:47 IST" duration-ms="5073" status="PASS">
          <reporter-output>
          </reporter-output>
        </test-method> <!-- findBuses -->
        <test-method signature="filterByNonACType()[pri:3, instance:test.FilterByTest@4e5ed836]" started-at="2023-01-23T22:39:47 IST" name="filterByNonACType" finished-at="2023-01-23T22:40:02 IST" duration-ms="15192" status="PASS">
          <reporter-output>
          </reporter-output>
        </test-method> <!-- filterByNonACType -->
        <test-method signature="closeWindow()[pri:4, instance:test.FilterByTest@4e5ed836]" started-at="2023-01-23T22:40:02 IST" name="closeWindow" finished-at="2023-01-23T22:40:03 IST" duration-ms="233" status="PASS">
          <reporter-output>
          </reporter-output>
        </test-method> <!-- closeWindow -->
      </class> <!-- test.FilterByTest -->
    </test> <!-- TestFilterBy -->
  </suite> <!-- Suite -->
</testng-results>
